#
# There is insufficient memory for the Java Runtime Environment to continue.
# Native memory allocation (mmap) failed to map 65536 bytes for Failed to commit area from 0x0000027944ce0000 to 0x0000027944cf0000 of length 65536.
# Possible reasons:
#   The system is out of physical RAM or swap space
#   The process is running with CompressedOops enabled, and the Java Heap may be blocking the growth of the native heap
# Possible solutions:
#   Reduce memory load on the system
#   Increase physical memory or swap space
#   Check if swap backing store is full
#   Decrease Java heap size (-Xmx/-Xms)
#   Decrease number of Java threads
#   Decrease Java thread stack sizes (-Xss)
#   Set larger code cache with -XX:ReservedCodeCacheSize=
# This output file may be truncated or incomplete.
#
#  Out of Memory Error (./src/hotspot/os/windows/os_windows.cpp:3390), pid=22816, tid=19872
#
# JRE version:  (11.0.15+9) (build )
# Java VM: OpenJDK 64-Bit Server VM (11.0.15+9-LTS, mixed mode, sharing, tiered, compressed oops, g1 gc, windows-amd64)
# No core dump will be written. Minidumps are not enabled by default on client versions of Windows
#

---------------  S U M M A R Y ------------

Command Line: -Dorg.gradle.internal.worker.tmpdir=C:\Users\mmikh\IdeaProjects\Selenium\build\tmp\test\work -Dorg.gradle.native=false --add-opens=java.base/java.util=ALL-UNNAMED --add-opens=java.base/java.lang=ALL-UNNAMED -Xmx512m -Dfile.encoding=windows-1252 -Duser.country=US -Duser.language=en -Duser.variant -ea worker.org.gradle.process.internal.worker.GradleWorkerMain 'Gradle Test Executor 3'

Host: Intel(R) Core(TM) i5-1035G1 CPU @ 1.00GHz, 8 cores, 11G,  Windows 10 , 64 bit Build 19041 (10.0.19041.1889)
Time: Thu Oct  6 19:48:42 2022 Russia TZ 2 Standard Time elapsed time: 0.027878 seconds (0d 0h 0m 0s)

---------------  T H R E A D  ---------------

Current thread (0x000002792c53e000):  JavaThread "Unknown thread" [_thread_in_vm, id=19872, stack(0x00000094cb500000,0x00000094cb600000)]

Stack: [0x00000094cb500000,0x00000094cb600000]
Native frames: (J=compiled Java code, j=interpreted, Vv=VM code, C=native code)
V  [jvm.dll+0x61e7ba]
V  [jvm.dll+0x7ab749]
V  [jvm.dll+0x7ace38]
V  [jvm.dll+0x7ad513]
V  [jvm.dll+0x24f968]
V  [jvm.dll+0x61ba5a]
V  [jvm.dll+0x6102b5]
V  [jvm.dll+0x30768c]
V  [jvm.dll+0x307512]
V  [jvm.dll+0x30c340]
V  [jvm.dll+0x3528f5]
V  [jvm.dll+0x352300]
V  [jvm.dll+0x2e4688]
V  [jvm.dll+0x2e57e6]
V  [jvm.dll+0x785597]
V  [jvm.dll+0x786d1f]
V  [jvm.dll+0x35f609]
V  [jvm.dll+0x768530]
V  [jvm.dll+0x3cd0ff]
V  [jvm.dll+0x3cf491]
C  [jli.dll+0x5207]
C  [ucrtbase.dll+0x21bb2]
C  [KERNEL32.DLL+0x17034]
C  [ntdll.dll+0x526a1]


---------------  P R O C E S S  ---------------

Threads class SMR info:
_java_thread_list=0x000002792a2d27a0, length=0, elements={
}

Java Threads: ( => current thread )

Other Threads:
  0x000002792c556000 GCTaskThread "GC Thread#0" [stack: 0x00000094cb600000,0x00000094cb700000] [id=19880]
  0x000002792c567800 ConcurrentGCThread "G1 Main Marker" [stack: 0x00000094cb700000,0x00000094cb800000] [id=21404]
  0x000002792c569000 ConcurrentGCThread "G1 Conc#0" [stack: 0x00000094cb800000,0x00000094cb900000] [id=18580]

[error occurred during error reporting (printing all threads), id 0xc0000005, EXCEPTION_ACCESS_VIOLATION (0xc0000005) at pc=0x00007ffa38523e57]

VM state:not at safepoint (not fully initialized)

VM Mutex/Monitor currently owned by a thread:  ([mutex/lock_event])
[0x000002792c53a6a0] Heap_lock - owner thread: 0x000002792c53e000

Heap address: 0x00000000e0000000, size: 512 MB, Compressed Oops mode: Non-zero based: 0x00000000e0000000
Narrow klass base: 0x0000000000000000, Narrow klass shift: 0

GC Heap History (0 events):
No events

Deoptimization events (0 events):
No events

Classes redefined (0 events):
No events

Internal exceptions (0 events):
No events

Events (1 events):
Event: 0.008 Loaded shared library C:\Users\mmikh\.jdks\corretto-11.0.15\bin\zip.dll


Dynamic libraries:
0x00007ff626b60000 - 0x00007ff626b6d000 	C:\Users\mmikh\.jdks\corretto-11.0.15\bin\java.exe
0x00007ffaadcd0000 - 0x00007ffaadec8000 	C:\Windows\SYSTEM32\ntdll.dll
0x00007ffaada50000 - 0x00007ffaadb0d000 	C:\Windows\System32\KERNEL32.DLL
0x00007ffaab770000 - 0x00007ffaaba3e000 	C:\Windows\System32\KERNELBASE.dll
0x00007ffaabc30000 - 0x00007ffaabd30000 	C:\Windows\System32\ucrtbase.dll
0x00007ffa98870000 - 0x00007ffa98887000 	C:\Users\mmikh\.jdks\corretto-11.0.15\bin\jli.dll
0x00007ffa8ae20000 - 0x00007ffa8ae39000 	C:\Users\mmikh\.jdks\corretto-11.0.15\bin\VCRUNTIME140.dll
0x00007ffaad390000 - 0x00007ffaad530000 	C:\Windows\System32\USER32.dll
0x00007ffaab3f0000 - 0x00007ffaab412000 	C:\Windows\System32\win32u.dll
0x00007ffaaa0e0000 - 0x00007ffaaa37a000 	C:\Windows\WinSxS\amd64_microsoft.windows.common-controls_6595b64144ccf1df_6.0.19041.1110_none_60b5254171f9507e\COMCTL32.dll
0x00007ffaacb50000 - 0x00007ffaacb7a000 	C:\Windows\System32\GDI32.dll
0x00007ffaaca90000 - 0x00007ffaacb2e000 	C:\Windows\System32\msvcrt.dll
0x00007ffaab580000 - 0x00007ffaab68b000 	C:\Windows\System32\gdi32full.dll
0x00007ffaaba40000 - 0x00007ffaabadd000 	C:\Windows\System32\msvcp_win.dll
0x00007ffaabe40000 - 0x00007ffaabe70000 	C:\Windows\System32\IMM32.DLL
0x00007ffa3e870000 - 0x00007ffa3e90b000 	C:\Users\mmikh\.jdks\corretto-11.0.15\bin\msvcp140.dll
0x00007ffa38230000 - 0x00007ffa38db3000 	C:\Users\mmikh\.jdks\corretto-11.0.15\bin\server\jvm.dll
0x00007ffaadb10000 - 0x00007ffaadbbe000 	C:\Windows\System32\ADVAPI32.dll
0x00007ffaacb80000 - 0x00007ffaacc1c000 	C:\Windows\System32\sechost.dll
0x00007ffaad050000 - 0x00007ffaad175000 	C:\Windows\System32\RPCRT4.dll
0x00007ffaada40000 - 0x00007ffaada48000 	C:\Windows\System32\PSAPI.DLL
0x00007ffaa0d10000 - 0x00007ffaa0d1a000 	C:\Windows\SYSTEM32\VERSION.dll
0x00007ffaa9910000 - 0x00007ffaa9937000 	C:\Windows\SYSTEM32\WINMM.dll
0x00007ffaa5b40000 - 0x00007ffaa5b49000 	C:\Windows\SYSTEM32\WSOCK32.dll
0x00007ffaacd10000 - 0x00007ffaacd7b000 	C:\Windows\System32\WS2_32.dll
0x00007ffaa8fd0000 - 0x00007ffaa8fe2000 	C:\Windows\SYSTEM32\kernel.appcore.dll
0x00007ffaa6c10000 - 0x00007ffaa6c20000 	C:\Users\mmikh\.jdks\corretto-11.0.15\bin\verify.dll
0x00007ffa952c0000 - 0x00007ffa954a4000 	C:\Windows\SYSTEM32\DBGHELP.DLL
0x00007ffa94cd0000 - 0x00007ffa94cfc000 	C:\Windows\SYSTEM32\dbgcore.DLL
0x00007ffaab6e0000 - 0x00007ffaab762000 	C:\Windows\System32\bcryptPrimitives.dll
0x00007ffa89d80000 - 0x00007ffa89da8000 	C:\Users\mmikh\.jdks\corretto-11.0.15\bin\java.dll
0x00007ffaa5cb0000 - 0x00007ffaa5cba000 	C:\Users\mmikh\.jdks\corretto-11.0.15\bin\jimage.dll
0x00007ffa8ae00000 - 0x00007ffa8ae18000 	C:\Users\mmikh\.jdks\corretto-11.0.15\bin\zip.dll

dbghelp: loaded successfully - version: 4.0.5 - missing functions: none
symbol engine: initialized successfully - sym options: 0x614 - pdb path: .;C:\Users\mmikh\.jdks\corretto-11.0.15\bin;C:\Windows\SYSTEM32;C:\Windows\WinSxS\amd64_microsoft.windows.common-controls_6595b64144ccf1df_6.0.19041.1110_none_60b5254171f9507e;C:\Users\mmikh\.jdks\corretto-11.0.15\bin\server

VM Arguments:
jvm_args: -Dorg.gradle.internal.worker.tmpdir=C:\Users\mmikh\IdeaProjects\Selenium\build\tmp\test\work -Dorg.gradle.native=false --add-opens=java.base/java.util=ALL-UNNAMED --add-opens=java.base/java.lang=ALL-UNNAMED -Xmx512m -Dfile.encoding=windows-1252 -Duser.country=US -Duser.language=en -Duser.variant -ea 
java_command: worker.org.gradle.process.internal.worker.GradleWorkerMain 'Gradle Test Executor 3'
java_class_path (initial): C:\\Users\\mmikh\\.gradle\\caches\\7.4\\workerMain\\gradle-worker.jar;C:\\Users\\mmikh\\IdeaProjects\\Selenium\\build\\classes\\java\\test;C:\\Users\\mmikh\\.gradle\\caches\\modules-2\\files-2.1\\org.junit.jupiter\\junit-jupiter-params\\5.6.1\\3a9033e0bde8085cb357b20b220f2e1aae429f52\\junit-jupiter-params-5.6.1.jar;C:\\Users\\mmikh\\.gradle\\caches\\modules-2\\files-2.1\\org.junit.jupiter\\junit-jupiter-engine\\5.6.1\\f9686cdeb1b70e7928656379b1a116450a391ea2\\junit-jupiter-engine-5.6.1.jar;C:\\Users\\mmikh\\.gradle\\caches\\modules-2\\files-2.1\\org.junit.jupiter\\junit-jupiter-api\\5.6.1\\552e8b1410c1e210841a9b7e0dab65b5dcb8208b\\junit-jupiter-api-5.6.1.jar;C:\\Users\\mmikh\\.gradle\\caches\\modules-2\\files-2.1\\org.junit.platform\\junit-platform-engine\\1.6.1\\e93ddd6d2e6e7d1ff6439fe61ab6a862edb066f7\\junit-platform-engine-1.6.1.jar;C:\\Users\\mmikh\\.gradle\\caches\\modules-2\\files-2.1\\org.junit.platform\\junit-platform-commons\\1.6.1\\3211988f6980e1bd68e2b4049f32c2076a0b93ed\\junit-platform-commons-1.6.1.jar;C:\\Users\\mmikh\\.gradle\\caches\\modules-2\\files-2.1\\org.junit.jupiter\\junit-jupiter\\5.6.1\\4ae716895f1ee8a5720c02c8f2ae749bf7f7de18\\junit-jupiter-5.6.1.jar;C:\\Users\\mmikh\\.gradle\\caches\\modules-2\\files-2.1\\org.seleniumhq.selenium\\selenium-java\\3.141.59\\e8e20b741299cb8ffedbd2925a3ab69d08b41063\\selenium-java-3.141.59.jar;C:\\Users\\mmikh\\.gradle\\caches\\modules-2\\files-2.1\\org.seleniumhq.selenium\\selenium-chrome-driver\\3.141.59\\67137314736c6a2f39a8aa59a562e9616ae5f77e\\selenium-chrome-driver-3.141.59.jar;C:\\Users\\mmikh\\.gradle\\caches\\modules-2\\files-2.1\\org.seleniumhq.selenium\\selenium-edge-driver\\3.141.59\\fc09c66f2d0b33b0816d770761ad1d599ef0df29\\selenium-edge-driver-3.141.59.jar;C:\\Users\\mmikh\\.gradle\\caches\\modules-2\\files-2.1\\org.seleniumhq.selenium\\selenium-firefox-driver\\3.141.59\\a99f2fe2a42747ed9809d4f62f51a9e1b336dde8\\selenium-firefox-driver-3.141.59.jar;C:\\Users\\mmikh\\.g
Launcher Type: SUN_STANDARD

[Global flags]
     intx CICompilerCount                          = 4                                         {product} {ergonomic}
     uint ConcGCThreads                            = 2                                         {product} {ergonomic}
     uint G1ConcRefinementThreads                  = 8                                         {product} {ergonomic}
   size_t G1HeapRegionSize                         = 1048576                                   {product} {ergonomic}
    uintx GCDrainStackTargetSize                   = 64                                        {product} {ergonomic}
   size_t InitialHeapSize                          = 199229440                                 {product} {ergonomic}
   size_t MarkStackSize                            = 4194304                                   {product} {ergonomic}
   size_t MaxHeapSize                              = 536870912                                 {product} {command line}
   size_t MinHeapDeltaBytes                        = 1048576                                   {product} {ergonomic}
    uintx NonNMethodCodeHeapSize                   = 5836300                                {pd product} {ergonomic}
    uintx NonProfiledCodeHeapSize                  = 122910970                              {pd product} {ergonomic}
    uintx ProfiledCodeHeapSize                     = 122910970                              {pd product} {ergonomic}
    uintx ReservedCodeCacheSize                    = 251658240                              {pd product} {ergonomic}
     bool SegmentedCodeCache                       = true                                      {product} {ergonomic}
     bool UseCompressedClassPointers               = true                                 {lp64_product} {ergonomic}
     bool UseCompressedOops                        = true                                 {lp64_product} {ergonomic}
     bool UseG1GC                                  = true                                      {product} {ergonomic}
     bool UseLargePagesIndividualAllocation        = false                                  {pd product} {ergonomic}

Logging:
Log output configuration:
 #0: stdout all=warning uptime,level,tags
 #1: stderr all=off uptime,level,tags

Environment Variables:
JAVA_HOME=C:\Program Files\Java\jdk-18.0.1.1
JRE_HOME=C:\Program Files\Java\jdk-18.0.1.1\jre
CLASSPATH=.;C:\Program Files\Java\jdk-18.0.1.1\lib;C:\Program Files\Java\jdk-18.0.1.1\jre\lib
PATH=C:\Program Files\Common Files\Oracle\Java\javapath;C:\Program Files\Eclipse Adoptium\jdk-11.0.15.10-hotspot\bin;C:\Windows\system32;C:\Windows;C:\Windows\System32\Wbem;C:\Windows\System32\WindowsPowerShell\v1.0\;C:\Windows\System32\OpenSSH\;C:\Users\mmikh\anaconda3\Scripts\activate.bat C:\Users\mmikh\anaconda3;C:\Program Files (x86)\Calibre2\;C:\Users\mmikh\AppData\Local\Programs\Python\Python310;C:\Program Files\Git\cmd;C:\Program Files\Java\jdk-18.0.1.1\bin;C:\Program Files\MySQL\MySQL Shell 8.0\bin\;C:\Users\mmikh\AppData\Local\Microsoft\WindowsApps;C:\Users\mmikh\AppData\Local\Programs\Python\Python310;
USERNAME=mmikh
OS=Windows_NT
PROCESSOR_IDENTIFIER=Intel64 Family 6 Model 126 Stepping 5, GenuineIntel



---------------  S Y S T E M  ---------------

OS: Windows 10 , 64 bit Build 19041 (10.0.19041.1889)
OS uptime: 1 days 23:14 hours

CPU:total 8 (initial active 8) (4 cores per cpu, 2 threads per core) family 6 model 126 stepping 5 microcode 0x78, cmov, cx8, fxsr, mmx, sse, sse2, sse3, ssse3, sse4.1, sse4.2, popcnt, avx, avx2, aes, clmul, erms, 3dnowpref, lzcnt, ht, tsc, tscinvbit, bmi1, bmi2, adx, evex, sha, fma

Memory: 4k page, system-wide physical 12077M (180M free)
TotalPageFile size 42025M (AvailPageFile size 3M)
current process WorkingSet (physical memory assigned to process): 12M, peak: 12M
current process commit charge ("private bytes"): 255M, peak: 255M

vm_info: OpenJDK 64-Bit Server VM (11.0.15+9-LTS) for windows-amd64 JRE (11.0.15+9-LTS), built on Apr 15 2022 22:20:31 by "Administrator" with unknown MS VC++:1916

END.
